============================= test session starts =============================
platform win32 -- Python 3.13.9, pytest-9.0.2, pluggy-1.6.0
rootdir: D:\Documents\GitHub\SHSE-M
plugins: anyio-4.8.0, Faker-37.4.0, asyncio-1.3.0
asyncio: mode=Mode.STRICT, debug=False, asyncio_default_fixture_loop_scope=None, asyncio_default_test_loop_scope=function
collected 21 items

backend\tests\ensemble\test_air.py .......                               [ 33%]
backend\tests\ensemble\test_eau.py ......                                [ 61%]
backend\tests\ensemble\test_materiaux.py .....                           [ 85%]
backend\tests\ensemble\test_optimisation.py .                            [ 90%]
backend\tests\ensemble\test_systeme_complet.py ..                        [100%]

============================= 21 passed in 0.66s ==============================
