============================= test session starts =============================
platform win32 -- Python 3.13.9, pytest-9.0.2, pluggy-1.6.0
rootdir: D:\Documents\GitHub\SHSE-M
plugins: anyio-4.8.0, Faker-37.4.0, asyncio-1.3.0
asyncio: mode=Mode.STRICT, debug=False, asyncio_default_fixture_loop_scope=None, asyncio_default_test_loop_scope=function
collected 19 items / 1 error

=================================== ERRORS ====================================
_______ ERROR collecting backend/tests/ensemble/test_systeme_complet.py _______
ImportError while importing test module 'D:\Documents\GitHub\SHSE-M\backend\tests\ensemble\test_systeme_complet.py'.
Hint: make sure your test modules/packages have valid Python names.
Traceback:
backend\components\moteur_thermique.py:22: in <module>
    from backend.modules.moteur_thermique.calcul_force_gaz import calcul_force_gaz
E   ModuleNotFoundError: No module named 'backend.modules.moteur_thermique.calcul_force_gaz'

During handling of the above exception, another exception occurred:
backend\ensemble\systeme_complet.py:22: in <module>
    from backend.components.moteur_thermique import MoteurThermique
backend\components\moteur_thermique.py:61: in <module>
    from backend.modules.moteur_thermique.calcul_force_gaz import calcul_force_gaz
E   ModuleNotFoundError: No module named 'backend.modules.moteur_thermique.calcul_force_gaz'

During handling of the above exception, another exception occurred:
C:\Program Files\WindowsApps\PythonSoftwareFoundation.Python.3.13_3.13.2544.0_x64__qbz5n2kfra8p0\Lib\importlib\__init__.py:88: in import_module
    return _bootstrap._gcd_import(name[level:], package, level)
           ^^^^^^^^^^^^^^^^^^^^^^^^^^^^^^^^^^^^^^^^^^^^^^^^^^^^
backend\tests\ensemble\test_systeme_complet.py:5: in <module>
    from backend.ensemble.systeme_complet import SystemeComplet
backend\ensemble\systeme_complet.py:30: in <module>
    from components.moteur_electrique import (
E   ModuleNotFoundError: No module named 'components'
=========================== short test summary info ===========================
ERROR backend/tests/ensemble/test_systeme_complet.py
!!!!!!!!!!!!!!!!!!! Interrupted: 1 error during collection !!!!!!!!!!!!!!!!!!!!
============================== 1 error in 0.63s ===============================
